# JRE version: Java(TM) SE Runtime Environment (17.0.1+12) (build 17.0.1+12-LTS-39)
# Java VM: Java HotSpot(TM) 64-Bit Server VM (17.0.1+12-LTS-39, mixed mode, sharing, tiered, compressed oops, compressed class ptrs, g1 gc, windows-amd64)
GC Precious Log:
 CPUs: 16 total, 16 available
 Memory: 32605M
 Large Page Support: Disabled
 NUMA Support: Disabled
 Compressed Oops: Enabled (Zero based)
 Heap Region Size: 4M
 Heap Min Capacity: 8M
 Heap Initial Capacity: 512M
 Heap Max Capacity: 8152M
 Pre-touch: Disabled
 Parallel Workers: 13
 Concurrent Workers: 3
 Concurrent Refinement Workers: 13
 Periodic GC: Disabled
Heap:
 garbage-first heap   total 303104K, used 123296K [0x0000000602800000, 0x0000000800000000)
  region size 4096K, 22 young (90112K), 1 survivors (4096K)
 Metaspace       used 30664K, committed 31040K, reserved 1081344K
  class space    used 3288K, committed 3456K, reserved 1048576K
GC Heap History (14 events):
Event: 0.343 GC heap before
{Heap before GC invocations=0 (full 0):
 garbage-first heap   total 524288K, used 24576K [0x0000000602800000, 0x0000000800000000)
  region size 4096K, 6 young (24576K), 0 survivors (0K)
 Metaspace       used 4855K, committed 4992K, reserved 1056768K
  class space    used 572K, committed 640K, reserved 1048576K
}
Event: 0.344 GC heap after
{Heap after GC invocations=1 (full 0):
 garbage-first heap   total 524288K, used 3715K [0x0000000602800000, 0x0000000800000000)
  region size 4096K, 1 young (4096K), 1 survivors (4096K)
 Metaspace       used 4855K, committed 4992K, reserved 1056768K
  class space    used 572K, committed 640K, reserved 1048576K
}
Event: 0.625 GC heap before
{Heap before GC invocations=1 (full 0):
 garbage-first heap   total 524288K, used 32387K [0x0000000602800000, 0x0000000800000000)
  region size 4096K, 8 young (32768K), 1 survivors (4096K)
 Metaspace       used 9332K, committed 9536K, reserved 1064960K
  class space    used 1135K, committed 1216K, reserved 1048576K
}
Event: 0.627 GC heap after
{Heap after GC invocations=2 (full 0):
 garbage-first heap   total 524288K, used 5395K [0x0000000602800000, 0x0000000800000000)
  region size 4096K, 1 young (4096K), 1 survivors (4096K)
 Metaspace       used 9332K, committed 9536K, reserved 1064960K
  class space    used 1135K, committed 1216K, reserved 1048576K
}
Event: 2.598 GC heap before
{Heap before GC invocations=2 (full 0):
 garbage-first heap   total 524288K, used 226579K [0x0000000602800000, 0x0000000800000000)
  region size 4096K, 57 young (233472K), 1 survivors (4096K)
 Metaspace       used 21160K, committed 21504K, reserved 1073152K
  class space    used 2369K, committed 2560K, reserved 1048576K
}
Event: 2.602 GC heap after
{Heap after GC invocations=3 (full 0):
 garbage-first heap   total 524288K, used 16495K [0x0000000602800000, 0x0000000800000000)
  region size 4096K, 4 young (16384K), 4 survivors (16384K)
 Metaspace       used 21160K, committed 21504K, reserved 1073152K
  class space    used 2369K, committed 2560K, reserved 1048576K
}
Event: 2.918 GC heap before
{Heap before GC invocations=4 (full 0):
 garbage-first heap   total 81920K, used 49263K [0x0000000602800000, 0x0000000800000000)
  region size 4096K, 12 young (49152K), 4 survivors (16384K)
 Metaspace       used 26684K, committed 27072K, reserved 1073152K
  class space    used 2954K, committed 3136K, reserved 1048576K
}
Event: 2.925 GC heap after
{Heap after GC invocations=5 (full 0):
 garbage-first heap   total 81920K, used 28727K [0x0000000602800000, 0x0000000800000000)
  region size 4096K, 2 young (8192K), 2 survivors (8192K)
 Metaspace       used 26684K, committed 27072K, reserved 1073152K
  class space    used 2954K, committed 3136K, reserved 1048576K
}
Event: 2.965 GC heap before
{Heap before GC invocations=5 (full 0):
 garbage-first heap   total 81920K, used 32823K [0x0000000602800000, 0x0000000800000000)
  region size 4096K, 3 young (12288K), 2 survivors (8192K)
 Metaspace       used 26699K, committed 27072K, reserved 1073152K
  class space    used 2956K, committed 3136K, reserved 1048576K
}
Event: 2.973 GC heap after
{Heap after GC invocations=6 (full 0):
 garbage-first heap   total 81920K, used 31624K [0x0000000602800000, 0x0000000800000000)
  region size 4096K, 1 young (4096K), 1 survivors (4096K)
 Metaspace       used 26699K, committed 27072K, reserved 1073152K
  class space    used 2956K, committed 3136K, reserved 1048576K
}
Event: 3.053 GC heap before
{Heap before GC invocations=6 (full 0):
 garbage-first heap   total 81920K, used 48008K [0x0000000602800000, 0x0000000800000000)
  region size 4096K, 6 young (24576K), 1 survivors (4096K)
 Metaspace       used 26714K, committed 27072K, reserved 1073152K
  class space    used 2956K, committed 3136K, reserved 1048576K
}
Event: 3.055 GC heap after
{Heap after GC invocations=7 (full 0):
 garbage-first heap   total 81920K, used 36864K [0x0000000602800000, 0x0000000800000000)
  region size 4096K, 1 young (4096K), 1 survivors (4096K)
 Metaspace       used 26714K, committed 27072K, reserved 1073152K
  class space    used 2956K, committed 3136K, reserved 1048576K
}
Event: 3.177 GC heap before
{Heap before GC invocations=7 (full 0):
 garbage-first heap   total 81920K, used 57344K [0x0000000602800000, 0x0000000800000000)
  region size 4096K, 6 young (24576K), 1 survivors (4096K)
 Metaspace       used 26947K, committed 27264K, reserved 1081344K
  class space    used 2980K, committed 3136K, reserved 1048576K
}
Event: 3.183 GC heap after
{Heap after GC invocations=8 (full 0):
 garbage-first heap   total 303104K, used 41376K [0x0000000602800000, 0x0000000800000000)
  region size 4096K, 1 young (4096K), 1 survivors (4096K)
 Metaspace       used 26947K, committed 27264K, reserved 1081344K
  class space    used 2980K, committed 3136K, reserved 1048576K
}

