# JRE version: Java(TM) SE Runtime Environment (17.0.1+12) (build 17.0.1+12-LTS-39)
# Java VM: Java HotSpot(TM) 64-Bit Server VM (17.0.1+12-LTS-39, mixed mode, sharing, tiered, compressed oops, compressed class ptrs, g1 gc, windows-amd64)
GC Precious Log:
 CPUs: 16 total, 16 available
 Memory: 32605M
 Large Page Support: Disabled
 NUMA Support: Disabled
 Compressed Oops: Enabled (Zero based)
 Heap Region Size: 4M
 Heap Min Capacity: 8M
 Heap Initial Capacity: 512M
 Heap Max Capacity: 8152M
 Pre-touch: Disabled
 Parallel Workers: 13
 Concurrent Workers: 3
 Concurrent Refinement Workers: 13
 Periodic GC: Disabled
Heap:
 garbage-first heap   total 303104K, used 96036K [0x0000000602800000, 0x0000000800000000)
  region size 4096K, 15 young (61440K), 1 survivors (4096K)
 Metaspace       used 28308K, committed 28672K, reserved 1081344K
  class space    used 3083K, committed 3264K, reserved 1048576K
GC Heap History (16 events):
Event: 0.313 GC heap before
{Heap before GC invocations=0 (full 0):
 garbage-first heap   total 524288K, used 24576K [0x0000000602800000, 0x0000000800000000)
  region size 4096K, 6 young (24576K), 0 survivors (0K)
 Metaspace       used 4840K, committed 4992K, reserved 1056768K
  class space    used 568K, committed 640K, reserved 1048576K
}
Event: 0.315 GC heap after
{Heap after GC invocations=1 (full 0):
 garbage-first heap   total 524288K, used 3710K [0x0000000602800000, 0x0000000800000000)
  region size 4096K, 1 young (4096K), 1 survivors (4096K)
 Metaspace       used 4840K, committed 4992K, reserved 1056768K
  class space    used 568K, committed 640K, reserved 1048576K
}
Event: 0.568 GC heap before
{Heap before GC invocations=1 (full 0):
 garbage-first heap   total 524288K, used 28286K [0x0000000602800000, 0x0000000800000000)
  region size 4096K, 7 young (28672K), 1 survivors (4096K)
 Metaspace       used 8529K, committed 8704K, reserved 1064960K
  class space    used 1029K, committed 1088K, reserved 1048576K
}
Event: 0.570 GC heap after
{Heap after GC invocations=2 (full 0):
 garbage-first heap   total 524288K, used 5024K [0x0000000602800000, 0x0000000800000000)
  region size 4096K, 1 young (4096K), 1 survivors (4096K)
 Metaspace       used 8529K, committed 8704K, reserved 1064960K
  class space    used 1029K, committed 1088K, reserved 1048576K
}
Event: 1.312 GC heap before
{Heap before GC invocations=2 (full 0):
 garbage-first heap   total 524288K, used 74656K [0x0000000602800000, 0x0000000800000000)
  region size 4096K, 18 young (73728K), 1 survivors (4096K)
 Metaspace       used 14027K, committed 14272K, reserved 1064960K
  class space    used 1567K, committed 1664K, reserved 1048576K
}
Event: 1.315 GC heap after
{Heap after GC invocations=3 (full 0):
 garbage-first heap   total 524288K, used 9266K [0x0000000602800000, 0x0000000800000000)
  region size 4096K, 2 young (8192K), 2 survivors (8192K)
 Metaspace       used 14027K, committed 14272K, reserved 1064960K
  class space    used 1567K, committed 1664K, reserved 1048576K
}
Event: 2.731 GC heap before
{Heap before GC invocations=3 (full 0):
 garbage-first heap   total 524288K, used 169010K [0x0000000602800000, 0x0000000800000000)
  region size 4096K, 42 young (172032K), 2 survivors (8192K)
 Metaspace       used 21180K, committed 21504K, reserved 1073152K
  class space    used 2371K, committed 2560K, reserved 1048576K
}
Event: 2.736 GC heap after
{Heap after GC invocations=4 (full 0):
 garbage-first heap   total 524288K, used 16924K [0x0000000602800000, 0x0000000800000000)
  region size 4096K, 4 young (16384K), 4 survivors (16384K)
 Metaspace       used 21180K, committed 21504K, reserved 1073152K
  class space    used 2371K, committed 2560K, reserved 1048576K
}
Event: 3.075 GC heap before
{Heap before GC invocations=5 (full 0):
 garbage-first heap   total 81920K, used 49692K [0x0000000602800000, 0x0000000800000000)
  region size 4096K, 12 young (49152K), 4 survivors (16384K)
 Metaspace       used 26687K, committed 27072K, reserved 1073152K
  class space    used 2955K, committed 3136K, reserved 1048576K
}
Event: 3.086 GC heap after
{Heap after GC invocations=6 (full 0):
 garbage-first heap   total 81920K, used 29572K [0x0000000602800000, 0x0000000800000000)
  region size 4096K, 2 young (8192K), 2 survivors (8192K)
 Metaspace       used 26687K, committed 27072K, reserved 1073152K
  class space    used 2955K, committed 3136K, reserved 1048576K
}
Event: 3.137 GC heap before
{Heap before GC invocations=6 (full 0):
 garbage-first heap   total 81920K, used 33668K [0x0000000602800000, 0x0000000800000000)
  region size 4096K, 3 young (12288K), 2 survivors (8192K)
 Metaspace       used 26702K, committed 27072K, reserved 1073152K
  class space    used 2957K, committed 3136K, reserved 1048576K
}
Event: 3.147 GC heap after
{Heap after GC invocations=7 (full 0):
 garbage-first heap   total 81920K, used 32312K [0x0000000602800000, 0x0000000800000000)
  region size 4096K, 1 young (4096K), 1 survivors (4096K)
 Metaspace       used 26702K, committed 27072K, reserved 1073152K
  class space    used 2957K, committed 3136K, reserved 1048576K
}
Event: 3.238 GC heap before
{Heap before GC invocations=7 (full 0):
 garbage-first heap   total 81920K, used 48696K [0x0000000602800000, 0x0000000800000000)
  region size 4096K, 6 young (24576K), 1 survivors (4096K)
 Metaspace       used 26710K, committed 27072K, reserved 1073152K
  class space    used 2957K, committed 3136K, reserved 1048576K
}
Event: 3.241 GC heap after
{Heap after GC invocations=8 (full 0):
 garbage-first heap   total 81920K, used 37900K [0x0000000602800000, 0x0000000800000000)
  region size 4096K, 1 young (4096K), 1 survivors (4096K)
 Metaspace       used 26710K, committed 27072K, reserved 1073152K
  class space    used 2957K, committed 3136K, reserved 1048576K
}
Event: 3.308 GC heap before
{Heap before GC invocations=8 (full 0):
 garbage-first heap   total 81920K, used 54284K [0x0000000602800000, 0x0000000800000000)
  region size 4096K, 5 young (20480K), 1 survivors (4096K)
 Metaspace       used 26747K, committed 27072K, reserved 1073152K
  class space    used 2957K, committed 3136K, reserved 1048576K
}
Event: 3.315 GC heap after
{Heap after GC invocations=9 (full 0):
 garbage-first heap   total 303104K, used 42788K [0x0000000602800000, 0x0000000800000000)
  region size 4096K, 1 young (4096K), 1 survivors (4096K)
 Metaspace       used 26747K, committed 27072K, reserved 1073152K
  class space    used 2957K, committed 3136K, reserved 1048576K
}

